Build started 2015/7/29 上午 12:57:31.
     1>Project "C:\Users\Fred\Dropbox\Portrait-Processing\Portrait Processing\Portrait Processing.vcxproj" on node 2 (Build target(s)).
     1>ClCompile:
         C:\Program Files (x86)\Microsoft Visual Studio 12.0\VC\bin\CL.exe /c /IC:\opencv\build\x64\vc12\..\..\include /ZI /nologo /W3 /WX- /sdl /Od /Oy- /D WIN32 /D _DEBUG /D _CONSOLE /D _LIB /D _UNICODE /D UNICODE /Gm /EHsc /RTC1 /MDd /GS /fp:precise /Zc:wchar_t /Zc:forScope /Fo"Debug\\" /Fd"Debug\vc120.pdb" /Gd /TP /analyze- /errorReport:prompt Binarization.cpp CoherentLineDrawing.cpp ColorSeparation.cpp ContourExtraction.cpp FaceDetection.cpp Main.cpp MeanShift.cpp Refinement.cpp Separation.cpp Simulation.cpp Utility.cpp
         Utility.cpp
     1>c:\opencv\build\include\opencv2\core\mat.hpp(1413): warning C4819: The file contains a character that cannot be represented in the current code page (950). Save the file in Unicode format to prevent data loss
     1>c:\users\fred\dropbox\portrait-processing\portrait processing\utility.cpp(45): warning C4244: 'initializing' : conversion from 'float' to 'int', possible loss of data
     1>c:\users\fred\dropbox\portrait-processing\portrait processing\utility.cpp(70): warning C4244: '=' : conversion from 'double' to 'int', possible loss of data
     1>c:\users\fred\dropbox\portrait-processing\portrait processing\utility.cpp(92): warning C4018: '<' : signed/unsigned mismatch
     1>c:\users\fred\dropbox\portrait-processing\portrait processing\utility.cpp(111): warning C4244: '=' : conversion from 'double' to 'int', possible loss of data
     1>c:\users\fred\dropbox\portrait-processing\portrait processing\utility.cpp(122): warning C4018: '<' : signed/unsigned mismatch
     1>c:\users\fred\dropbox\portrait-processing\portrait processing\utility.cpp(163): warning C4309: '=' : truncation of constant value
         Simulation.cpp
     1>c:\opencv\build\include\opencv2\core\mat.hpp(1413): warning C4819: The file contains a character that cannot be represented in the current code page (950). Save the file in Unicode format to prevent data loss
     1>c:\users\fred\dropbox\portrait-processing\portrait processing\simulation.cpp(22): warning C4018: '<' : signed/unsigned mismatch
     1>c:\users\fred\dropbox\portrait-processing\portrait processing\simulation.cpp(28): warning C4018: '<' : signed/unsigned mismatch
     1>c:\users\fred\dropbox\portrait-processing\portrait processing\simulation.cpp(50): warning C4018: '<' : signed/unsigned mismatch
     1>c:\users\fred\dropbox\portrait-processing\portrait processing\simulation.cpp(55): warning C4018: '<' : signed/unsigned mismatch
     1>c:\users\fred\dropbox\portrait-processing\portrait processing\simulation.cpp(74): warning C4018: '<' : signed/unsigned mismatch
     1>c:\users\fred\dropbox\portrait-processing\portrait processing\simulation.cpp(84): warning C4244: 'initializing' : conversion from 'int' to 'float', possible loss of data
     1>c:\users\fred\dropbox\portrait-processing\portrait processing\simulation.cpp(85): warning C4244: '=' : conversion from 'int' to 'float', possible loss of data
     1>c:\users\fred\dropbox\portrait-processing\portrait processing\simulation.cpp(88): warning C4244: 'initializing' : conversion from 'double' to 'int', possible loss of data
         Separation.cpp
     1>c:\opencv\build\include\opencv2\core\mat.hpp(1413): warning C4819: The file contains a character that cannot be represented in the current code page (950). Save the file in Unicode format to prevent data loss
         Refinement.cpp
     1>c:\opencv\build\include\opencv2\core\mat.hpp(1413): warning C4819: The file contains a character that cannot be represented in the current code page (950). Save the file in Unicode format to prevent data loss
         MeanShift.cpp
     1>c:\opencv\build\include\opencv2\core\mat.hpp(1413): warning C4819: The file contains a character that cannot be represented in the current code page (950). Save the file in Unicode format to prevent data loss
         Main.cpp
     1>c:\opencv\build\include\opencv2\core\mat.hpp(1413): warning C4819: The file contains a character that cannot be represented in the current code page (950). Save the file in Unicode format to prevent data loss
     1>c:\users\fred\dropbox\portrait-processing\portrait processing\main.cpp(103): warning C4244: 'initializing' : conversion from 'double' to 'float', possible loss of data
     1>c:\users\fred\dropbox\portrait-processing\portrait processing\main.cpp(105): warning C4305: 'argument' : truncation from 'double' to 'float'
     1>c:\users\fred\dropbox\portrait-processing\portrait processing\main.cpp(110): warning C4018: '<' : signed/unsigned mismatch
     1>c:\users\fred\dropbox\portrait-processing\portrait processing\main.cpp(114): warning C4018: '<' : signed/unsigned mismatch
         FaceDetection.cpp
     1>c:\opencv\build\include\opencv2\core\mat.hpp(1413): warning C4819: The file contains a character that cannot be represented in the current code page (950). Save the file in Unicode format to prevent data loss
     1>c:\users\fred\dropbox\portrait-processing\portrait processing\facedetection.cpp(36): warning C4018: '<' : signed/unsigned mismatch
     1>c:\users\fred\dropbox\portrait-processing\portrait processing\facedetection.cpp(67): warning C4553: '==' : operator has no effect; did you intend '='?
         ContourExtraction.cpp
     1>c:\opencv\build\include\opencv2\core\mat.hpp(1413): warning C4819: The file contains a character that cannot be represented in the current code page (950). Save the file in Unicode format to prevent data loss
     1>c:\users\fred\dropbox\portrait-processing\portrait processing\contourextraction.cpp(20): warning C4244: 'return' : conversion from 'double' to 'float', possible loss of data
     1>c:\users\fred\dropbox\portrait-processing\portrait processing\contourextraction.cpp(40): warning C4018: '<' : signed/unsigned mismatch
     1>c:\users\fred\dropbox\portrait-processing\portrait processing\contourextraction.cpp(47): warning C4244: 'initializing' : conversion from 'double' to 'int', possible loss of data
     1>c:\users\fred\dropbox\portrait-processing\portrait processing\contourextraction.cpp(60): warning C4244: 'argument' : conversion from 'double' to 'int', possible loss of data
     1>c:\users\fred\dropbox\portrait-processing\portrait processing\contourextraction.cpp(65): warning C4244: 'argument' : conversion from 'double' to 'int', possible loss of data
     1>c:\users\fred\dropbox\portrait-processing\portrait processing\contourextraction.cpp(305): warning C4018: '<' : signed/unsigned mismatch
     1>c:\users\fred\dropbox\portrait-processing\portrait processing\contourextraction.cpp(313): warning C4018: '<' : signed/unsigned mismatch
     1>c:\users\fred\dropbox\portrait-processing\portrait processing\contourextraction.cpp(314): warning C4244: 'argument' : conversion from 'double' to 'float', possible loss of data
     1>c:\users\fred\dropbox\portrait-processing\portrait processing\contourextraction.cpp(326): warning C4018: '<' : signed/unsigned mismatch
         ColorSeparation.cpp
     1>c:\opencv\build\include\opencv2\core\mat.hpp(1413): warning C4819: The file contains a character that cannot be represented in the current code page (950). Save the file in Unicode format to prevent data loss
     1>c:\users\fred\dropbox\portrait-processing\portrait processing\colorseparation.cpp(45): warning C4244: 'argument' : conversion from 'double' to 'uchar', possible loss of data
         CoherentLineDrawing.cpp
     1>c:\users\fred\dropbox\portrait-processing\portrait processing\coherentlinedrawing.cpp(99): warning C4244: '=' : conversion from 'double' to 'int', possible loss of data
     1>c:\users\fred\dropbox\portrait-processing\portrait processing\coherentlinedrawing.cpp(127): warning C4244: '/=' : conversion from 'double' to 'int', possible loss of data
         Binarization.cpp
     1>c:\opencv\build\include\opencv2\core\mat.hpp(1413): warning C4819: The file contains a character that cannot be represented in the current code page (950). Save the file in Unicode format to prevent data loss
     1>c:\users\fred\dropbox\portrait-processing\portrait processing\binarization.cpp(7): warning C4305: 'initializing' : truncation from 'double' to 'float'
         Generating Code...
       Link:
         C:\Program Files (x86)\Microsoft Visual Studio 12.0\VC\bin\link.exe /ERRORREPORT:PROMPT /OUT:"C:\Users\Fred\Dropbox\Portrait-Processing\Debug\Portrait Processing.exe" /INCREMENTAL /NOLOGO /LIBPATH:C:\opencv\build\x64\vc12\lib opencv_ts300d.lib opencv_world300d.lib kernel32.lib user32.lib gdi32.lib winspool.lib comdlg32.lib advapi32.lib shell32.lib ole32.lib oleaut32.lib uuid.lib odbc32.lib odbccp32.lib /MANIFEST /MANIFESTUAC:"level='asInvoker' uiAccess='false'" /manifest:embed /DEBUG /PDB:"C:\Users\Fred\Dropbox\Portrait-Processing\Debug\Portrait Processing.pdb" /SUBSYSTEM:CONSOLE /TLBID:1 /DYNAMICBASE /NXCOMPAT /IMPLIB:"C:\Users\Fred\Dropbox\Portrait-Processing\Debug\Portrait Processing.lib" /MACHINE:X86 Debug\Binarization.obj
         Debug\CoherentLineDrawing.obj
         Debug\ColorSeparation.obj
         Debug\ContourExtraction.obj
         Debug\FaceDetection.obj
         Debug\Main.obj
         Debug\MeanShift.obj
         Debug\Refinement.obj
         Debug\Separation.obj
         Debug\Simulation.obj
         Debug\Utility.obj
     1>opencv_world300d.lib(opencv_world300d.dll) : fatal error LNK1112: module machine type 'x64' conflicts with target machine type 'X86'
     1>Done Building Project "C:\Users\Fred\Dropbox\Portrait-Processing\Portrait Processing\Portrait Processing.vcxproj" (Build target(s)) -- FAILED.

Build FAILED.

Time Elapsed 00:00:19.45
