c:\users\fred\dropbox\portrait-processing\portrait processing\x64\debug\vc120.pdb
c:\users\fred\dropbox\portrait-processing\portrait processing\x64\debug\vc120.idb
c:\users\fred\dropbox\portrait-processing\portrait processing\x64\debug\binarization.obj
c:\users\fred\dropbox\portrait-processing\portrait processing\x64\debug\coherentlinedrawing.obj
c:\users\fred\dropbox\portrait-processing\portrait processing\x64\debug\contourextraction.obj
c:\users\fred\dropbox\portrait-processing\portrait processing\x64\debug\facedetection.obj
c:\users\fred\dropbox\portrait-processing\portrait processing\x64\debug\main.obj
c:\users\fred\dropbox\portrait-processing\portrait processing\x64\debug\refinement.obj
c:\users\fred\dropbox\portrait-processing\portrait processing\x64\debug\separation.obj
c:\users\fred\dropbox\portrait-processing\portrait processing\x64\debug\simulation.obj
c:\users\fred\dropbox\portrait-processing\portrait processing\x64\debug\utility.obj
c:\users\fred\dropbox\portrait-processing\portrait processing\x64\debug\bsplinebasis.obj
c:\users\fred\dropbox\portrait-processing\portrait processing\x64\debug\bsplinedbasis.obj
c:\users\fred\dropbox\portrait-processing\portrait processing\x64\debug\bsplineparam.obj
c:\users\fred\dropbox\portrait-processing\portrait processing\x64\debug\kr-tangentterm.obj
c:\users\fred\dropbox\portrait-processing\portrait processing\x64\debug\bsplineutils.obj
c:\users\fred\dropbox\portrait-processing\portrait processing\x64\debug\bsplineapprox.obj
c:\users\fred\dropbox\portrait-processing\portrait processing\x64\debug\tangentterm.obj
c:\users\fred\dropbox\portrait-processing\portrait processing\x64\debug\ginput.obj
c:\users\fred\dropbox\portrait-processing\x64\debug\portrait processing.pdb
c:\users\fred\dropbox\portrait-processing\portrait processing\x64\debug\portrait.f6abf339.tlog\cl.command.1.tlog
c:\users\fred\dropbox\portrait-processing\portrait processing\x64\debug\portrait.f6abf339.tlog\cl.read.1.tlog
c:\users\fred\dropbox\portrait-processing\portrait processing\x64\debug\portrait.f6abf339.tlog\cl.write.1.tlog
c:\users\fred\dropbox\portrait-processing\portrait processing\x64\debug\portrait.f6abf339.tlog\link.command.1.tlog
c:\users\fred\dropbox\portrait-processing\portrait processing\x64\debug\portrait.f6abf339.tlog\link.read.1.tlog
c:\users\fred\dropbox\portrait-processing\portrait processing\x64\debug\portrait.f6abf339.tlog\link.write.1.tlog
